<?xml version="1.0" encoding="UTF-8"?>
<!-- Generated by org.testng.reporters.JUnitReportReporter -->
<testsuite hostname="DESKTOP-A9LPROO" failures="0" tests="1" name="tests.Tests" time="9.804" errors="0" timestamp="2024-08-16T11:47:05 CST" skipped="0">
  <testcase classname="tests.Tests" name="TC_Smoke_02_RIGHT_PASSWORD" time="9.804"/>
</testsuite> <!-- tests.Tests -->
