<?xml version="1.0" encoding="UTF-8"?>
<!-- Generated by org.testng.reporters.JUnitReportReporter -->
<testsuite hostname="DESKTOP-A9LPROO" failures="0" tests="6" name="tests.Tests" time="12.761" errors="0" timestamp="2024-08-15T15:15:28 CST" skipped="0">
  <testcase classname="tests.Tests" name="TC_Smoke_01_WRG_PASSWORD" time="2.025"/>
  <testcase classname="tests.Tests" name="TC_Smoke_06_Verify_WebTitle" time="1.705"/>
  <testcase classname="tests.Tests" name="TC_Smoke_04_Get_InputElements" time="1.669"/>
  <testcase classname="tests.Tests" name="TC_Smoke_05_Get_loginByElements" time="2.925"/>
  <testcase classname="tests.Tests" name="TC_Smoke_02_RIGHT_PASSWORD" time="2.000"/>
  <testcase classname="tests.Tests" name="TC_Smoke_03_Dropdown_Validation" time="2.437"/>
</testsuite> <!-- tests.Tests -->
