<?xml version="1.0" encoding="UTF-8"?>
<!-- Generated by org.testng.reporters.JUnitReportReporter -->
<testsuite hostname="DESKTOP-A9LPROO" failures="0" tests="2" name="tests.Tests" time="3.748" errors="0" timestamp="2024-08-16T12:00:49 CST" skipped="0">
  <testcase classname="tests.Tests" name="TC_Smoke_01_WRG_PASSWORD" time="1.865"/>
  <testcase classname="tests.Tests" name="TC_Smoke_02_RIGHT_PASSWORD" time="1.883"/>
</testsuite> <!-- tests.Tests -->
