<?xml version="1.0" encoding="UTF-8"?>
<!-- Generated by org.testng.reporters.JUnitReportReporter -->
<testsuite hostname="DESKTOP-A9LPROO" failures="0" tests="4" name="tests.TS02_PageElementsTest" time="7.868" errors="0" timestamp="2024-08-16T12:02:19 CST" skipped="0">
  <testcase classname="tests.TS02_PageElementsTest" name="TC_Smoke_03_Dropdown_Validation" time="2.244"/>
  <testcase classname="tests.TS02_PageElementsTest" name="TC_Smoke_04_Get_InputElements" time="2.018"/>
  <testcase classname="tests.TS02_PageElementsTest" name="TC_Smoke_06_Verify_WebTitle" time="1.633"/>
  <testcase classname="tests.TS02_PageElementsTest" name="TC_Smoke_05_Get_loginByElements" time="1.973"/>
</testsuite> <!-- tests.TS02_PageElementsTest -->
