<?xml version="1.0" encoding="UTF-8"?>
<!-- Generated by org.testng.reporters.JUnitReportReporter -->
<testsuite hostname="DESKTOP-A9LPROO" failures="0" tests="4" name="tests.PageElementsTest" time="21.896" errors="0" timestamp="2024-08-16T12:00:49 CST" skipped="0">
  <testcase classname="tests.PageElementsTest" name="TC_Smoke_03_Dropdown_Validation" time="9.502"/>
  <testcase classname="tests.PageElementsTest" name="TC_Smoke_04_Get_InputElements" time="1.561"/>
  <testcase classname="tests.PageElementsTest" name="TC_Smoke_05_Get_loginByElements" time="1.884"/>
  <testcase classname="tests.PageElementsTest" name="TC_Smoke_06_Verify_WebTitle" time="8.949"/>
</testsuite> <!-- tests.PageElementsTest -->
