<?xml version="1.0" encoding="UTF-8"?>
<!-- Generated by org.testng.reporters.JUnitReportReporter -->
<testsuite hostname="DESKTOP-A9LPROO" failures="0" tests="5" name="tests.Tests" time="30.371" errors="0" timestamp="2024-08-15T11:34:50 CST" skipped="0">
  <testcase classname="tests.Tests" name="TC_Smoke_01_WRG_PASSWORD" time="2.408"/>
  <testcase classname="tests.Tests" name="TC_Smoke_04_Get_InputElements" time="2.535"/>
  <testcase classname="tests.Tests" name="TC_Smoke_03_Dropdown_Validation" time="10.231"/>
  <testcase classname="tests.Tests" name="TC_Smoke_05_Get_loginByElements" time="2.660"/>
  <testcase classname="tests.Tests" name="TC_Smoke_02_RIGHT_PASSWORD" time="12.537"/>
</testsuite> <!-- tests.Tests -->
