<?xml version="1.0" encoding="UTF-8"?>
<!-- Generated by org.testng.reporters.JUnitReportReporter -->
<testsuite hostname="DESKTOP-A9LPROO" failures="0" tests="6" name="tests.Tests" time="40.307" errors="0" timestamp="2024-08-15T15:02:44 CST" skipped="0">
  <testcase classname="tests.Tests" name="TC_Smoke_01_WRG_PASSWORD" time="10.113"/>
  <testcase classname="tests.Tests" name="TC_Smoke_05_Get_loginByElements" time="9.433"/>
  <testcase classname="tests.Tests" name="TC_Smoke_02_RIGHT_PASSWORD" time="9.385"/>
  <testcase classname="tests.Tests" name="TC_Smoke_03_Dropdown_Validation" time="2.615"/>
  <testcase classname="tests.Tests" name="TC_Smoke_04_Get_InputElements" time="2.484"/>
  <testcase classname="tests.Tests" name="TC_Smoke_06_Verify_WebTitle" time="6.277"/>
</testsuite> <!-- tests.Tests -->
