<?xml version="1.0" encoding="UTF-8"?>
<!-- Generated by org.testng.reporters.JUnitReportReporter -->
<testsuite hostname="DESKTOP-A9LPROO" failures="0" tests="2" name="tests.TS01_LoginTest" time="11.017" errors="0" timestamp="2024-08-16T12:58:30 CST" skipped="0">
  <testcase classname="tests.TS01_LoginTest" name="TC_Smoke_02_RIGHT_PASSWORD" time="8.412"/>
  <testcase classname="tests.TS01_LoginTest" name="TC_Smoke_01_WRG_PASSWORD" time="2.605"/>
</testsuite> <!-- tests.TS01_LoginTest -->
